[00:05:19:827] [nioEventLoopGroup-0-2/INFO]: Соединение установлено
[00:05:19:838] [nioEventLoopGroup-0-2/INFO]: Decoder HANDSHAKING, packet CHandshake, id 0, size 3
[00:05:19:838] [nioEventLoopGroup-0-2/INFO]: Decoder LOGIN, packet CPacketLoginStart, id 0, size 22
[00:05:19:841] [pool-2-thread-10/INFO]: Start initialize player id=1
[00:05:19:841] [nioEventLoopGroup-0-2/INFO]: Encoder LOGIN, packet SPacketLoginSuccess, id 1, size 2
[00:05:19:841] [pool-2-thread-10/INFO]: End initialize player id=1 name=Test
[00:05:19:841] [nioEventLoopGroup-0-2/INFO]: Encoder PLAY, packet SPacketPlayerInfo, id 1, size 24
[00:05:19:842] [nioEventLoopGroup-0-2/INFO]: Encoder PLAY, packet SPacketLocInfo, id 2, size 168
[00:05:19:842] [nioEventLoopGroup-0-2/INFO]: Encoder PLAY, packet SPacketInventory, id 3, size 60
[00:05:19:843] [nioEventLoopGroup-0-2/INFO]: Encoder PLAY, packet SPacketBody, id 4, size 426
[00:05:27:736] [nioEventLoopGroup-0-5/INFO]: Соединение разорвано
[00:13:03:581] [nioEventLoopGroup-0-5/INFO]: Соединение установлено
[00:13:03:582] [nioEventLoopGroup-0-5/INFO]: Decoder HANDSHAKING, packet CHandshake, id 0, size 3
[00:13:03:583] [nioEventLoopGroup-0-5/INFO]: Decoder LOGIN, packet CPacketLoginStart, id 0, size 22
[00:13:03:585] [pool-2-thread-5/INFO]: Start initialize player id=1
[00:13:03:586] [nioEventLoopGroup-0-5/INFO]: Encoder LOGIN, packet SPacketLoginSuccess, id 1, size 2
[00:13:03:586] [pool-2-thread-5/INFO]: End initialize player id=1 name=Test
[00:13:03:586] [nioEventLoopGroup-0-5/INFO]: Encoder PLAY, packet SPacketPlayerInfo, id 1, size 24
[00:13:03:586] [nioEventLoopGroup-0-5/INFO]: Encoder PLAY, packet SPacketLocInfo, id 2, size 168
[00:13:03:586] [nioEventLoopGroup-0-5/INFO]: Encoder PLAY, packet SPacketInventory, id 3, size 60
[00:13:03:588] [nioEventLoopGroup-0-5/INFO]: Encoder PLAY, packet SPacketBody, id 4, size 426
[00:13:04:977] [nioEventLoopGroup-0-5/INFO]: Соединение разорвано
[00:13:48:817] [nioEventLoopGroup-0-16/INFO]: Соединение установлено
[00:13:48:822] [nioEventLoopGroup-0-16/INFO]: Decoder HANDSHAKING, packet CHandshake, id 0, size 3
[00:13:48:823] [nioEventLoopGroup-0-16/INFO]: Decoder LOGIN, packet CPacketLoginStart, id 0, size 22
[00:13:48:826] [pool-2-thread-4/INFO]: Start initialize player id=2
[00:13:48:826] [nioEventLoopGroup-0-16/INFO]: Encoder LOGIN, packet SPacketLoginSuccess, id 1, size 2
[00:13:48:827] [pool-2-thread-4/INFO]: Load player id=2
[00:13:48:833] [pool-2-thread-4/INFO]: End initialize player id=2 name=Test1
[00:13:48:833] [nioEventLoopGroup-0-16/INFO]: Encoder PLAY, packet SPacketPlayerInfo, id 1, size 25
[00:13:48:833] [nioEventLoopGroup-0-16/INFO]: Encoder PLAY, packet SPacketLocInfo, id 2, size 226
[00:13:48:834] [nioEventLoopGroup-0-16/INFO]: Encoder PLAY, packet SPacketInventory, id 3, size 166
[00:13:48:834] [nioEventLoopGroup-0-16/INFO]: Encoder PLAY, packet SPacketBody, id 4, size 110
[00:14:03:854] [nioEventLoopGroup-0-14/INFO]: Соединение разорвано
[00:14:10:493] [nioEventLoopGroup-0-17/INFO]: Соединение установлено
[00:14:10:499] [nioEventLoopGroup-0-17/INFO]: Decoder HANDSHAKING, packet CHandshake, id 0, size 3
[00:14:10:499] [nioEventLoopGroup-0-17/INFO]: Decoder LOGIN, packet CPacketLoginStart, id 0, size 22
[00:14:10:501] [pool-2-thread-6/INFO]: Start initialize player id=1
[00:14:10:501] [nioEventLoopGroup-0-17/INFO]: Encoder LOGIN, packet SPacketLoginSuccess, id 1, size 2
[00:14:10:501] [pool-2-thread-6/INFO]: End initialize player id=1 name=Test
[00:14:10:502] [nioEventLoopGroup-0-17/INFO]: Encoder PLAY, packet SPacketPlayerInfo, id 1, size 24
[00:14:10:502] [nioEventLoopGroup-0-17/INFO]: Encoder PLAY, packet SPacketLocInfo, id 2, size 168
[00:14:10:502] [nioEventLoopGroup-0-17/INFO]: Encoder PLAY, packet SPacketInventory, id 3, size 60
[00:14:10:502] [nioEventLoopGroup-0-17/INFO]: Encoder PLAY, packet SPacketBody, id 4, size 426
[00:14:14:151] [nioEventLoopGroup-0-17/INFO]: Соединение разорвано
[00:16:48:281] [nioEventLoopGroup-0-0/INFO]: Соединение установлено
[00:16:48:287] [nioEventLoopGroup-0-0/INFO]: Decoder HANDSHAKING, packet CHandshake, id 0, size 3
[00:16:48:287] [nioEventLoopGroup-0-0/INFO]: Decoder LOGIN, packet CPacketLoginStart, id 0, size 22
[00:16:48:290] [pool-2-thread-6/INFO]: Start initialize player id=4
[00:16:48:290] [nioEventLoopGroup-0-0/INFO]: Encoder LOGIN, packet SPacketLoginSuccess, id 1, size 2
[00:16:48:291] [pool-2-thread-6/INFO]: Load player id=4
[00:16:53:970] [nioEventLoopGroup-0-19/INFO]: Соединение разорвано
[00:18:45:892] [nioEventLoopGroup-0-14/INFO]: Соединение установлено
[00:18:45:893] [nioEventLoopGroup-0-14/INFO]: Decoder HANDSHAKING, packet CHandshake, id 0, size 3
[00:18:45:893] [nioEventLoopGroup-0-14/INFO]: Decoder LOGIN, packet CPacketLoginStart, id 0, size 22
[00:18:45:896] [pool-2-thread-4/INFO]: Start initialize player id=4
[00:18:45:896] [nioEventLoopGroup-0-14/INFO]: Encoder LOGIN, packet SPacketLoginSuccess, id 1, size 2
[00:18:45:897] [pool-2-thread-4/INFO]: Load player id=4
[00:18:45:900] [pool-2-thread-4/INFO]: End initialize player id=4 name=Bos
[00:18:45:900] [nioEventLoopGroup-0-14/INFO]: Encoder PLAY, packet SPacketPlayerInfo, id 1, size 23
[00:18:45:901] [nioEventLoopGroup-0-14/INFO]: Encoder PLAY, packet SPacketLocInfo, id 2, size 226
[00:18:45:901] [nioEventLoopGroup-0-14/INFO]: Encoder PLAY, packet SPacketInventory, id 3, size 5
[00:18:45:901] [nioEventLoopGroup-0-14/INFO]: Encoder PLAY, packet SPacketBody, id 4, size 3
[00:18:55:263] [nioEventLoopGroup-0-14/INFO]: Decoder PLAY, packet CPacketAction, id 0, size 15
[00:18:55:266] [nioEventLoopGroup-0-14/INFO]: Encoder PLAY, packet SPacketStore, id 6, size 482
[00:18:57:734] [nioEventLoopGroup-0-14/INFO]: Decoder PLAY, packet CPacketAction, id 0, size 15
[00:18:57:748] [nioEventLoopGroup-0-14/INFO]: Encoder PLAY, packet SPacketInvUpdate, id 7, size 57
[00:18:59:025] [nioEventLoopGroup-0-17/INFO]: Decoder PLAY, packet CPacketAction, id 0, size 15
[00:18:59:031] [nioEventLoopGroup-0-17/INFO]: Encoder PLAY, packet SPacketInvUpdate, id 7, size 60
[00:18:59:978] [nioEventLoopGroup-0-17/INFO]: Decoder PLAY, packet CPacketAction, id 0, size 15
[00:18:59:983] [nioEventLoopGroup-0-17/INFO]: Encoder PLAY, packet SPacketInvUpdate, id 7, size 59
[00:19:00:801] [nioEventLoopGroup-0-17/INFO]: Decoder PLAY, packet CPacketAction, id 0, size 15
[00:19:00:806] [nioEventLoopGroup-0-17/INFO]: Encoder PLAY, packet SPacketInvUpdate, id 7, size 64
[00:19:03:850] [nioEventLoopGroup-0-17/INFO]: Decoder PLAY, packet CPacketAction, id 0, size 15
[00:19:03:860] [nioEventLoopGroup-0-17/INFO]: Encoder PLAY, packet SPacketActionReturn, id 5, size 8
[00:19:04:440] [nioEventLoopGroup-0-10/INFO]: Decoder PLAY, packet CPacketAction, id 0, size 15
[00:19:04:450] [nioEventLoopGroup-0-10/INFO]: Encoder PLAY, packet SPacketActionReturn, id 5, size 8
[00:19:05:076] [nioEventLoopGroup-0-10/INFO]: Decoder PLAY, packet CPacketAction, id 0, size 15
[00:19:05:085] [nioEventLoopGroup-0-10/INFO]: Encoder PLAY, packet SPacketActionReturn, id 5, size 8
[00:19:05:515] [nioEventLoopGroup-0-10/INFO]: Decoder PLAY, packet CPacketAction, id 0, size 15
[00:19:05:524] [nioEventLoopGroup-0-10/INFO]: Encoder PLAY, packet SPacketActionReturn, id 5, size 8
[00:19:22:544] [nioEventLoopGroup-0-10/INFO]: Соединение разорвано
[00:57:27:028] [nioEventLoopGroup-0-10/INFO]: Соединение установлено
[00:57:27:029] [nioEventLoopGroup-0-10/INFO]: Decoder HANDSHAKING, packet CHandshake, id 0, size 3
[00:57:27:029] [nioEventLoopGroup-0-10/INFO]: Decoder LOGIN, packet CPacketLoginStart, id 0, size 22
[00:57:27:032] [pool-2-thread-4/INFO]: Start initialize player id=1
[00:57:27:032] [nioEventLoopGroup-0-10/INFO]: Encoder LOGIN, packet SPacketLoginSuccess, id 1, size 2
[00:57:27:032] [pool-2-thread-4/INFO]: End initialize player id=1 name=Test
[00:57:27:032] [nioEventLoopGroup-0-10/INFO]: Encoder PLAY, packet SPacketPlayerInfo, id 1, size 24
[00:57:27:032] [nioEventLoopGroup-0-10/INFO]: Encoder PLAY, packet SPacketLocInfo, id 2, size 168
[00:57:27:033] [nioEventLoopGroup-0-10/INFO]: Encoder PLAY, packet SPacketInventory, id 3, size 60
[00:57:27:033] [nioEventLoopGroup-0-10/INFO]: Encoder PLAY, packet SPacketBody, id 4, size 426
[00:57:29:165] [nioEventLoopGroup-0-10/INFO]: Decoder PLAY, packet CPacketAction, id 0, size 15
[00:57:29:167] [nioEventLoopGroup-0-10/INFO]: Encoder PLAY, packet SPacketLocInfo, id 2, size 226
[00:57:29:172] [nioEventLoopGroup-0-10/INFO]: Encoder PLAY, packet SPacketPlayerLocation, id 9, size 10
[00:57:29:172] [nioEventLoopGroup-0-10/INFO]: Encoder PLAY, packet SPacketPlayerLocation, id 9, size 24
[00:57:40:258] [nioEventLoopGroup-0-19/INFO]: Соединение разорвано
[00:58:13:661] [nioEventLoopGroup-0-16/INFO]: Соединение установлено
[00:58:13:663] [nioEventLoopGroup-0-16/INFO]: Decoder HANDSHAKING, packet CHandshake, id 0, size 3
[00:58:13:663] [nioEventLoopGroup-0-16/INFO]: Decoder LOGIN, packet CPacketLoginStart, id 0, size 22
[00:58:13:665] [pool-2-thread-9/INFO]: Start initialize player id=1
[00:58:13:665] [nioEventLoopGroup-0-16/INFO]: Encoder LOGIN, packet SPacketLoginSuccess, id 1, size 2
[00:58:13:665] [pool-2-thread-9/INFO]: End initialize player id=1 name=Test
[00:58:13:665] [nioEventLoopGroup-0-16/INFO]: Encoder PLAY, packet SPacketPlayerInfo, id 1, size 24
[00:58:13:665] [nioEventLoopGroup-0-16/INFO]: Encoder PLAY, packet SPacketLocInfo, id 2, size 226
[00:58:13:666] [nioEventLoopGroup-0-16/INFO]: Encoder PLAY, packet SPacketInventory, id 3, size 60
[00:58:13:666] [nioEventLoopGroup-0-16/INFO]: Encoder PLAY, packet SPacketBody, id 4, size 426
[00:58:16:833] [nioEventLoopGroup-0-16/INFO]: Decoder PLAY, packet CPacketAction, id 0, size 15
[00:58:16:834] [nioEventLoopGroup-0-16/INFO]: Encoder PLAY, packet SPacketLocInfo, id 2, size 168
[00:58:16:839] [nioEventLoopGroup-0-16/INFO]: Encoder PLAY, packet SPacketPlayerLocation, id 9, size 10
[00:58:16:839] [nioEventLoopGroup-0-16/INFO]: Encoder PLAY, packet SPacketPlayerLocation, id 9, size 24
[00:58:20:717] [nioEventLoopGroup-0-16/INFO]: Decoder PLAY, packet CPacketAction, id 0, size 15
[00:58:20:718] [nioEventLoopGroup-0-16/INFO]: Encoder PLAY, packet SPacketLocInfo, id 2, size 87
[00:58:20:723] [nioEventLoopGroup-0-16/INFO]: Encoder PLAY, packet SPacketPlayerLocation, id 9, size 10
[00:58:20:723] [nioEventLoopGroup-0-16/INFO]: Encoder PLAY, packet SPacketPlayerLocation, id 9, size 24
[00:58:21:782] [nioEventLoopGroup-0-16/INFO]: Decoder PLAY, packet CPacketAction, id 0, size 15
[00:58:21:783] [nioEventLoopGroup-0-16/INFO]: Encoder PLAY, packet SPacketLocInfo, id 2, size 125
[00:58:21:788] [nioEventLoopGroup-0-16/INFO]: Encoder PLAY, packet SPacketPlayerLocation, id 9, size 10
[00:58:21:788] [nioEventLoopGroup-0-16/INFO]: Encoder PLAY, packet SPacketPlayerLocation, id 9, size 24
[00:58:22:563] [nioEventLoopGroup-0-9/INFO]: Decoder PLAY, packet CPacketAction, id 0, size 15
[00:58:22:565] [nioEventLoopGroup-0-9/INFO]: Encoder PLAY, packet SPacketLocInfo, id 2, size 168
[00:58:22:570] [nioEventLoopGroup-0-9/INFO]: Encoder PLAY, packet SPacketPlayerLocation, id 9, size 10
[00:58:22:570] [nioEventLoopGroup-0-9/INFO]: Encoder PLAY, packet SPacketPlayerLocation, id 9, size 24
[00:58:24:638] [nioEventLoopGroup-0-9/INFO]: Decoder PLAY, packet CPacketAction, id 0, size 15
[00:58:24:640] [nioEventLoopGroup-0-9/INFO]: Encoder PLAY, packet SPacketLocInfo, id 2, size 133
[00:58:24:645] [nioEventLoopGroup-0-9/INFO]: Encoder PLAY, packet SPacketPlayerLocation, id 9, size 10
[00:58:24:646] [nioEventLoopGroup-0-9/INFO]: Encoder PLAY, packet SPacketPlayerLocation, id 9, size 24
[00:58:28:423] [nioEventLoopGroup-0-19/INFO]: Соединение разорвано
[00:58:48:640] [nioEventLoopGroup-0-5/INFO]: Соединение установлено
[00:58:48:641] [nioEventLoopGroup-0-5/INFO]: Decoder HANDSHAKING, packet CHandshake, id 0, size 3
[00:58:48:642] [nioEventLoopGroup-0-5/INFO]: Decoder LOGIN, packet CPacketLoginStart, id 0, size 22
[00:58:48:644] [pool-2-thread-3/INFO]: Start initialize player id=1
[00:58:48:644] [nioEventLoopGroup-0-5/INFO]: Encoder LOGIN, packet SPacketLoginSuccess, id 1, size 2
[00:58:48:644] [pool-2-thread-3/INFO]: End initialize player id=1 name=Test
[00:58:48:644] [nioEventLoopGroup-0-5/INFO]: Encoder PLAY, packet SPacketPlayerInfo, id 1, size 24
[00:58:48:644] [nioEventLoopGroup-0-5/INFO]: Encoder PLAY, packet SPacketLocInfo, id 2, size 133
[00:58:48:645] [nioEventLoopGroup-0-5/INFO]: Encoder PLAY, packet SPacketInventory, id 3, size 60
[00:58:48:645] [nioEventLoopGroup-0-5/INFO]: Encoder PLAY, packet SPacketBody, id 4, size 426
[00:58:49:521] [nioEventLoopGroup-0-5/INFO]: Decoder PLAY, packet CPacketAction, id 0, size 15
[00:58:49:522] [nioEventLoopGroup-0-5/INFO]: Encoder PLAY, packet SPacketLocInfo, id 2, size 125
[00:58:49:527] [nioEventLoopGroup-0-5/INFO]: Encoder PLAY, packet SPacketPlayerLocation, id 9, size 10
[00:58:49:527] [nioEventLoopGroup-0-5/INFO]: Encoder PLAY, packet SPacketPlayerLocation, id 9, size 24
[01:00:27:743] [nioEventLoopGroup-0-5/INFO]: exceptionCaught
java.io.IOException: Удаленный хост принудительно разорвал существующее подключение
	at sun.nio.ch.SocketDispatcher.read0(Native Method) ~[?:1.8.0_151]
	at sun.nio.ch.SocketDispatcher.read(SocketDispatcher.java:43) ~[?:1.8.0_151]
	at sun.nio.ch.IOUtil.readIntoNativeBuffer(IOUtil.java:223) ~[?:1.8.0_151]
	at sun.nio.ch.IOUtil.read(IOUtil.java:192) ~[?:1.8.0_151]
	at sun.nio.ch.SocketChannelImpl.read(SocketChannelImpl.java:380) ~[?:1.8.0_151]
	at io.netty.buffer.PooledUnsafeDirectByteBuf.setBytes(PooledUnsafeDirectByteBuf.java:311) ~[netty-all-5.0.0.Alpha2.jar:5.0.0.Alpha2]
	at io.netty.buffer.AbstractByteBuf.writeBytes(AbstractByteBuf.java:853) ~[netty-all-5.0.0.Alpha2.jar:5.0.0.Alpha2]
	at io.netty.channel.socket.nio.NioSocketChannel.doReadBytes(NioSocketChannel.java:240) ~[netty-all-5.0.0.Alpha2.jar:5.0.0.Alpha2]
	at io.netty.channel.nio.AbstractNioByteChannel$NioByteUnsafe.read(AbstractNioByteChannel.java:115) [netty-all-5.0.0.Alpha2.jar:5.0.0.Alpha2]
	at io.netty.channel.nio.NioEventLoop.processSelectedKey(NioEventLoop.java:514) [netty-all-5.0.0.Alpha2.jar:5.0.0.Alpha2]
	at io.netty.channel.nio.NioEventLoop.processSelectedKeysOptimized(NioEventLoop.java:471) [netty-all-5.0.0.Alpha2.jar:5.0.0.Alpha2]
	at io.netty.channel.nio.NioEventLoop.processSelectedKeys(NioEventLoop.java:385) [netty-all-5.0.0.Alpha2.jar:5.0.0.Alpha2]
	at io.netty.channel.nio.NioEventLoop.run(NioEventLoop.java:351) [netty-all-5.0.0.Alpha2.jar:5.0.0.Alpha2]
	at io.netty.util.concurrent.SingleThreadEventExecutor$2.run(SingleThreadEventExecutor.java:116) [netty-all-5.0.0.Alpha2.jar:5.0.0.Alpha2]
	at io.netty.util.internal.chmv8.ForkJoinTask$RunnableExecuteAction.exec(ForkJoinTask.java:1412) [netty-all-5.0.0.Alpha2.jar:5.0.0.Alpha2]
	at io.netty.util.internal.chmv8.ForkJoinTask.doExec(ForkJoinTask.java:280) [netty-all-5.0.0.Alpha2.jar:5.0.0.Alpha2]
	at io.netty.util.internal.chmv8.ForkJoinPool$WorkQueue.runTask(ForkJoinPool.java:877) [netty-all-5.0.0.Alpha2.jar:5.0.0.Alpha2]
	at io.netty.util.internal.chmv8.ForkJoinPool.scan(ForkJoinPool.java:1706) [netty-all-5.0.0.Alpha2.jar:5.0.0.Alpha2]
	at io.netty.util.internal.chmv8.ForkJoinPool.runWorker(ForkJoinPool.java:1661) [netty-all-5.0.0.Alpha2.jar:5.0.0.Alpha2]
	at io.netty.util.internal.chmv8.ForkJoinWorkerThread.run(ForkJoinWorkerThread.java:126) [netty-all-5.0.0.Alpha2.jar:5.0.0.Alpha2]
[01:00:27:751] [nioEventLoopGroup-0-5/INFO]: [Test, exceptionCaught] lost connection: {}
[01:00:27:751] [nioEventLoopGroup-0-5/INFO]: Соединение разорвано
[01:00:30:696] [nioEventLoopGroup-0-8/INFO]: Соединение установлено
[01:00:30:705] [nioEventLoopGroup-0-8/INFO]: Decoder HANDSHAKING, packet CHandshake, id 0, size 3
[01:00:30:705] [nioEventLoopGroup-0-8/INFO]: Decoder LOGIN, packet CPacketLoginStart, id 0, size 22
[01:00:30:707] [pool-2-thread-9/INFO]: Start initialize player id=1
[01:00:30:707] [nioEventLoopGroup-0-8/INFO]: Encoder LOGIN, packet SPacketLoginSuccess, id 1, size 2
[01:00:30:707] [pool-2-thread-9/INFO]: End initialize player id=1 name=Test
[01:00:30:707] [nioEventLoopGroup-0-8/INFO]: Encoder PLAY, packet SPacketPlayerInfo, id 1, size 24
[01:00:30:707] [nioEventLoopGroup-0-8/INFO]: Encoder PLAY, packet SPacketLocInfo, id 2, size 125
[01:00:30:708] [nioEventLoopGroup-0-8/INFO]: Encoder PLAY, packet SPacketInventory, id 3, size 60
[01:00:30:708] [nioEventLoopGroup-0-8/INFO]: Encoder PLAY, packet SPacketBody, id 4, size 426
[01:00:31:665] [nioEventLoopGroup-0-21/INFO]: Decoder PLAY, packet CPacketAction, id 0, size 15
[01:00:31:666] [nioEventLoopGroup-0-21/INFO]: Encoder PLAY, packet SPacketLocInfo, id 2, size 133
[01:00:31:671] [nioEventLoopGroup-0-21/INFO]: Encoder PLAY, packet SPacketPlayerLocation, id 9, size 10
[01:00:31:672] [nioEventLoopGroup-0-21/INFO]: Encoder PLAY, packet SPacketPlayerLocation, id 9, size 24
[01:01:14:784] [nioEventLoopGroup-0-21/INFO]: exceptionCaught
java.io.IOException: Удаленный хост принудительно разорвал существующее подключение
	at sun.nio.ch.SocketDispatcher.read0(Native Method) ~[?:1.8.0_151]
	at sun.nio.ch.SocketDispatcher.read(SocketDispatcher.java:43) ~[?:1.8.0_151]
	at sun.nio.ch.IOUtil.readIntoNativeBuffer(IOUtil.java:223) ~[?:1.8.0_151]
	at sun.nio.ch.IOUtil.read(IOUtil.java:192) ~[?:1.8.0_151]
	at sun.nio.ch.SocketChannelImpl.read(SocketChannelImpl.java:380) ~[?:1.8.0_151]
	at io.netty.buffer.PooledUnsafeDirectByteBuf.setBytes(PooledUnsafeDirectByteBuf.java:311) ~[netty-all-5.0.0.Alpha2.jar:5.0.0.Alpha2]
	at io.netty.buffer.AbstractByteBuf.writeBytes(AbstractByteBuf.java:853) ~[netty-all-5.0.0.Alpha2.jar:5.0.0.Alpha2]
	at io.netty.channel.socket.nio.NioSocketChannel.doReadBytes(NioSocketChannel.java:240) ~[netty-all-5.0.0.Alpha2.jar:5.0.0.Alpha2]
	at io.netty.channel.nio.AbstractNioByteChannel$NioByteUnsafe.read(AbstractNioByteChannel.java:115) [netty-all-5.0.0.Alpha2.jar:5.0.0.Alpha2]
	at io.netty.channel.nio.NioEventLoop.processSelectedKey(NioEventLoop.java:514) [netty-all-5.0.0.Alpha2.jar:5.0.0.Alpha2]
	at io.netty.channel.nio.NioEventLoop.processSelectedKeysOptimized(NioEventLoop.java:471) [netty-all-5.0.0.Alpha2.jar:5.0.0.Alpha2]
	at io.netty.channel.nio.NioEventLoop.processSelectedKeys(NioEventLoop.java:385) [netty-all-5.0.0.Alpha2.jar:5.0.0.Alpha2]
	at io.netty.channel.nio.NioEventLoop.run(NioEventLoop.java:351) [netty-all-5.0.0.Alpha2.jar:5.0.0.Alpha2]
	at io.netty.util.concurrent.SingleThreadEventExecutor$2.run(SingleThreadEventExecutor.java:116) [netty-all-5.0.0.Alpha2.jar:5.0.0.Alpha2]
	at io.netty.util.internal.chmv8.ForkJoinTask$RunnableExecuteAction.exec(ForkJoinTask.java:1412) [netty-all-5.0.0.Alpha2.jar:5.0.0.Alpha2]
	at io.netty.util.internal.chmv8.ForkJoinTask.doExec(ForkJoinTask.java:280) [netty-all-5.0.0.Alpha2.jar:5.0.0.Alpha2]
	at io.netty.util.internal.chmv8.ForkJoinPool$WorkQueue.runTask(ForkJoinPool.java:877) [netty-all-5.0.0.Alpha2.jar:5.0.0.Alpha2]
	at io.netty.util.internal.chmv8.ForkJoinPool.scan(ForkJoinPool.java:1706) [netty-all-5.0.0.Alpha2.jar:5.0.0.Alpha2]
	at io.netty.util.internal.chmv8.ForkJoinPool.runWorker(ForkJoinPool.java:1661) [netty-all-5.0.0.Alpha2.jar:5.0.0.Alpha2]
	at io.netty.util.internal.chmv8.ForkJoinWorkerThread.run(ForkJoinWorkerThread.java:126) [netty-all-5.0.0.Alpha2.jar:5.0.0.Alpha2]
[01:01:14:786] [nioEventLoopGroup-0-21/INFO]: [Test, exceptionCaught] lost connection: {}
[01:01:14:786] [nioEventLoopGroup-0-21/INFO]: Соединение разорвано
[01:01:18:514] [nioEventLoopGroup-0-15/INFO]: Соединение установлено
[01:01:18:515] [nioEventLoopGroup-0-15/INFO]: Decoder HANDSHAKING, packet CHandshake, id 0, size 3
[01:01:18:515] [nioEventLoopGroup-0-15/INFO]: Decoder LOGIN, packet CPacketLoginStart, id 0, size 22
[01:01:18:517] [pool-2-thread-2/INFO]: Start initialize player id=1
[01:01:18:517] [nioEventLoopGroup-0-15/INFO]: Encoder LOGIN, packet SPacketLoginSuccess, id 1, size 2
[01:01:18:517] [pool-2-thread-2/INFO]: End initialize player id=1 name=Test
[01:01:18:517] [nioEventLoopGroup-0-15/INFO]: Encoder PLAY, packet SPacketPlayerInfo, id 1, size 24
[01:01:18:517] [nioEventLoopGroup-0-15/INFO]: Encoder PLAY, packet SPacketLocInfo, id 2, size 133
[01:01:18:518] [nioEventLoopGroup-0-15/INFO]: Encoder PLAY, packet SPacketInventory, id 3, size 60
[01:01:18:518] [nioEventLoopGroup-0-15/INFO]: Encoder PLAY, packet SPacketBody, id 4, size 426
[01:01:19:623] [nioEventLoopGroup-0-15/INFO]: Decoder PLAY, packet CPacketAction, id 0, size 15
[01:01:19:625] [nioEventLoopGroup-0-15/INFO]: Encoder PLAY, packet SPacketLocInfo, id 2, size 168
[01:01:19:630] [nioEventLoopGroup-0-15/INFO]: Encoder PLAY, packet SPacketPlayerLocation, id 9, size 10
[01:01:19:630] [nioEventLoopGroup-0-15/INFO]: Encoder PLAY, packet SPacketPlayerLocation, id 9, size 24
[01:01:30:553] [nioEventLoopGroup-0-15/INFO]: Соединение разорвано
[01:01:56:478] [nioEventLoopGroup-0-19/INFO]: Соединение установлено
[01:01:56:479] [nioEventLoopGroup-0-19/INFO]: Decoder HANDSHAKING, packet CHandshake, id 0, size 3
[01:01:56:480] [nioEventLoopGroup-0-19/INFO]: Decoder LOGIN, packet CPacketLoginStart, id 0, size 22
[01:01:56:481] [pool-2-thread-9/INFO]: Start initialize player id=1
[01:01:56:482] [pool-2-thread-9/INFO]: End initialize player id=1 name=Test
[01:01:56:482] [nioEventLoopGroup-0-19/INFO]: Encoder LOGIN, packet SPacketLoginSuccess, id 1, size 2
[01:01:56:482] [nioEventLoopGroup-0-19/INFO]: Encoder PLAY, packet SPacketPlayerInfo, id 1, size 24
[01:01:56:482] [nioEventLoopGroup-0-19/INFO]: Encoder PLAY, packet SPacketLocInfo, id 2, size 168
[01:01:56:482] [nioEventLoopGroup-0-19/INFO]: Encoder PLAY, packet SPacketInventory, id 3, size 60
[01:01:56:482] [nioEventLoopGroup-0-19/INFO]: Encoder PLAY, packet SPacketBody, id 4, size 426
[01:01:57:585] [nioEventLoopGroup-0-19/INFO]: Decoder PLAY, packet CPacketAction, id 0, size 15
[01:01:57:586] [nioEventLoopGroup-0-19/INFO]: Encoder PLAY, packet SPacketLocInfo, id 2, size 226
[01:01:57:590] [nioEventLoopGroup-0-19/INFO]: Encoder PLAY, packet SPacketPlayerLocation, id 9, size 10
[01:01:57:591] [nioEventLoopGroup-0-19/INFO]: Encoder PLAY, packet SPacketPlayerLocation, id 9, size 24
[01:02:03:203] [nioEventLoopGroup-0-5/INFO]: Decoder PLAY, packet CPacketAction, id 0, size 15
[01:02:03:204] [nioEventLoopGroup-0-5/INFO]: Encoder PLAY, packet SPacketLocInfo, id 2, size 168
[01:02:03:209] [nioEventLoopGroup-0-5/INFO]: Encoder PLAY, packet SPacketPlayerLocation, id 9, size 10
[01:02:03:209] [nioEventLoopGroup-0-5/INFO]: Encoder PLAY, packet SPacketPlayerLocation, id 9, size 24
[01:02:04:489] [nioEventLoopGroup-0-22/INFO]: Decoder PLAY, packet CPacketAction, id 0, size 15
[01:02:04:489] [nioEventLoopGroup-0-22/INFO]: Encoder PLAY, packet SPacketLocInfo, id 2, size 87
[01:02:04:494] [nioEventLoopGroup-0-22/INFO]: Encoder PLAY, packet SPacketPlayerLocation, id 9, size 10
[01:02:04:494] [nioEventLoopGroup-0-22/INFO]: Encoder PLAY, packet SPacketPlayerLocation, id 9, size 24
[01:02:07:536] [nioEventLoopGroup-0-22/INFO]: Decoder PLAY, packet CPacketAction, id 0, size 15
[01:02:07:537] [nioEventLoopGroup-0-22/INFO]: Encoder PLAY, packet SPacketLocInfo, id 2, size 125
[01:02:07:542] [nioEventLoopGroup-0-22/INFO]: Encoder PLAY, packet SPacketPlayerLocation, id 9, size 10
[01:02:07:542] [nioEventLoopGroup-0-22/INFO]: Encoder PLAY, packet SPacketPlayerLocation, id 9, size 24
[01:02:08:992] [nioEventLoopGroup-0-22/INFO]: Decoder PLAY, packet CPacketAction, id 0, size 15
[01:02:08:993] [nioEventLoopGroup-0-22/INFO]: Encoder PLAY, packet SPacketLocInfo, id 2, size 168
[01:02:08:997] [nioEventLoopGroup-0-22/INFO]: Encoder PLAY, packet SPacketPlayerLocation, id 9, size 10
[01:02:08:997] [nioEventLoopGroup-0-22/INFO]: Encoder PLAY, packet SPacketPlayerLocation, id 9, size 24
[01:02:10:008] [nioEventLoopGroup-0-0/INFO]: Decoder PLAY, packet CPacketAction, id 0, size 15
[01:02:10:009] [nioEventLoopGroup-0-0/INFO]: Encoder PLAY, packet SPacketLocInfo, id 2, size 87
[01:02:10:013] [nioEventLoopGroup-0-0/INFO]: Encoder PLAY, packet SPacketPlayerLocation, id 9, size 10
[01:02:10:013] [nioEventLoopGroup-0-0/INFO]: Encoder PLAY, packet SPacketPlayerLocation, id 9, size 24
[01:02:10:826] [nioEventLoopGroup-0-22/INFO]: Decoder PLAY, packet CPacketAction, id 0, size 15
[01:02:10:827] [nioEventLoopGroup-0-22/INFO]: Encoder PLAY, packet SPacketLocInfo, id 2, size 125
[01:02:10:831] [nioEventLoopGroup-0-22/INFO]: Encoder PLAY, packet SPacketPlayerLocation, id 9, size 10
[01:02:10:831] [nioEventLoopGroup-0-22/INFO]: Encoder PLAY, packet SPacketPlayerLocation, id 9, size 24
[01:02:11:202] [nioEventLoopGroup-0-22/INFO]: Decoder PLAY, packet CPacketAction, id 0, size 15
[01:02:11:204] [nioEventLoopGroup-0-22/INFO]: Encoder PLAY, packet SPacketLocInfo, id 2, size 168
[01:02:11:208] [nioEventLoopGroup-0-6/INFO]: Encoder PLAY, packet SPacketPlayerLocation, id 9, size 10
[01:02:11:208] [nioEventLoopGroup-0-6/INFO]: Encoder PLAY, packet SPacketPlayerLocation, id 9, size 24
[01:02:16:392] [nioEventLoopGroup-0-19/INFO]: Decoder PLAY, packet CPacketAction, id 0, size 15
[01:02:16:393] [nioEventLoopGroup-0-19/INFO]: Encoder PLAY, packet SPacketLocInfo, id 2, size 226
[01:02:16:398] [nioEventLoopGroup-0-19/INFO]: Encoder PLAY, packet SPacketPlayerLocation, id 9, size 10
[01:02:16:398] [nioEventLoopGroup-0-19/INFO]: Encoder PLAY, packet SPacketPlayerLocation, id 9, size 24
[01:09:14:606] [nioEventLoopGroup-0-10/INFO]: Соединение установлено
[01:09:17:620] [nioEventLoopGroup-0-10/INFO]: Соединение разорвано
[01:09:33:654] [nioEventLoopGroup-0-13/INFO]: Соединение разорвано
[01:09:50:268] [nioEventLoopGroup-0-21/INFO]: Соединение установлено
[01:09:53:299] [nioEventLoopGroup-0-21/INFO]: Соединение разорвано
[01:15:16:342] [nioEventLoopGroup-0-13/INFO]: Соединение установлено
[01:15:16:346] [nioEventLoopGroup-0-13/INFO]: Decoder HANDSHAKING, packet CHandshake, id 0, size 3
[01:15:16:347] [nioEventLoopGroup-0-13/INFO]: Decoder LOGIN, packet CPacketLoginStart, id 0, size 22
[01:15:16:350] [nioEventLoopGroup-0-13/INFO]: Encoder LOGIN, packet SPacketLoginSuccess, id 1, size 2
[01:15:16:350] [pool-2-thread-1/INFO]: Start initialize player id=4
[01:15:16:351] [pool-2-thread-1/INFO]: End initialize player id=4 name=Bos
[01:15:16:351] [nioEventLoopGroup-0-13/INFO]: Encoder PLAY, packet SPacketPlayerInfo, id 1, size 23
[01:15:16:351] [nioEventLoopGroup-0-13/INFO]: Encoder PLAY, packet SPacketLocInfo, id 2, size 226
[01:15:16:351] [nioEventLoopGroup-0-13/INFO]: Encoder PLAY, packet SPacketInventory, id 3, size 5
[01:15:16:351] [nioEventLoopGroup-0-13/INFO]: Encoder PLAY, packet SPacketBody, id 4, size 223
[01:15:34:934] [nioEventLoopGroup-0-23/INFO]: Соединение установлено
[01:15:34:936] [nioEventLoopGroup-0-23/INFO]: Decoder HANDSHAKING, packet CHandshake, id 0, size 3
[01:15:34:936] [nioEventLoopGroup-0-23/INFO]: Decoder LOGIN, packet CPacketLoginStart, id 0, size 22
[01:15:34:938] [pool-2-thread-7/INFO]: Start initialize player id=2
[01:15:34:938] [pool-2-thread-7/INFO]: End initialize player id=2 name=Test1
[01:15:34:938] [nioEventLoopGroup-0-23/INFO]: Encoder LOGIN, packet SPacketLoginSuccess, id 1, size 2
[01:15:34:939] [nioEventLoopGroup-0-23/INFO]: Encoder PLAY, packet SPacketPlayerInfo, id 1, size 25
[01:15:34:939] [nioEventLoopGroup-0-23/INFO]: Encoder PLAY, packet SPacketLocInfo, id 2, size 226
[01:15:34:939] [nioEventLoopGroup-0-23/INFO]: Encoder PLAY, packet SPacketInventory, id 3, size 166
[01:15:34:939] [nioEventLoopGroup-0-23/INFO]: Encoder PLAY, packet SPacketBody, id 4, size 110
[01:15:40:177] [nioEventLoopGroup-0-23/INFO]: Decoder PLAY, packet CPacketAction, id 0, size 15
[01:15:40:178] [nioEventLoopGroup-0-23/INFO]: Encoder PLAY, packet SPacketLocInfo, id 2, size 168
[01:15:40:183] [nioEventLoopGroup-0-18/INFO]: Encoder PLAY, packet SPacketPlayerLocation, id 9, size 10
[01:15:40:184] [nioEventLoopGroup-0-18/INFO]: Encoder PLAY, packet SPacketPlayerLocation, id 9, size 25
[01:15:41:697] [nioEventLoopGroup-0-1/INFO]: Decoder PLAY, packet CPacketAction, id 0, size 15
[01:15:41:699] [nioEventLoopGroup-0-1/INFO]: Encoder PLAY, packet SPacketLocInfo, id 2, size 168
[01:15:41:703] [nioEventLoopGroup-0-1/INFO]: Encoder PLAY, packet SPacketPlayerLocation, id 9, size 25
[01:15:41:703] [nioEventLoopGroup-0-17/INFO]: Encoder PLAY, packet SPacketPlayerLocation, id 9, size 23
[01:15:41:703] [nioEventLoopGroup-0-1/INFO]: Encoder PLAY, packet SPacketPlayerLocation, id 9, size 23
[01:15:55:253] [nioEventLoopGroup-0-1/INFO]: Соединение разорвано
[01:15:56:445] [nioEventLoopGroup-0-23/INFO]: Соединение разорвано
[01:16:28:775] [nioEventLoopGroup-0-13/INFO]: Соединение установлено
[01:16:28:777] [nioEventLoopGroup-0-13/INFO]: Decoder HANDSHAKING, packet CHandshake, id 0, size 3
[01:16:28:777] [nioEventLoopGroup-0-13/INFO]: Decoder LOGIN, packet CPacketLoginStart, id 0, size 22
[01:16:28:780] [pool-2-thread-1/INFO]: Start initialize player id=4
[01:16:28:780] [pool-2-thread-1/INFO]: End initialize player id=4 name=Bos
[01:16:28:780] [nioEventLoopGroup-0-13/INFO]: Encoder LOGIN, packet SPacketLoginSuccess, id 1, size 2
[01:16:28:780] [nioEventLoopGroup-0-13/INFO]: Encoder PLAY, packet SPacketPlayerInfo, id 1, size 23
[01:16:28:780] [nioEventLoopGroup-0-13/INFO]: Encoder PLAY, packet SPacketLocInfo, id 2, size 168
[01:16:28:780] [nioEventLoopGroup-0-13/INFO]: Encoder PLAY, packet SPacketInventory, id 3, size 5
[01:16:28:780] [nioEventLoopGroup-0-13/INFO]: Encoder PLAY, packet SPacketBody, id 4, size 223
[01:16:29:629] [nioEventLoopGroup-0-13/INFO]: Decoder PLAY, packet CPacketAction, id 0, size 15
[01:16:29:630] [nioEventLoopGroup-0-13/INFO]: Encoder PLAY, packet SPacketLocInfo, id 2, size 226
[01:16:29:635] [nioEventLoopGroup-0-7/INFO]: Encoder PLAY, packet SPacketPlayerLocation, id 9, size 24
[01:16:29:635] [nioEventLoopGroup-0-7/INFO]: Encoder PLAY, packet SPacketPlayerLocation, id 9, size 23
[01:16:31:983] [nioEventLoopGroup-0-2/INFO]: Decoder PLAY, packet CPacketAction, id 0, size 15
[01:16:31:983] [nioEventLoopGroup-0-2/INFO]: Encoder PLAY, packet SPacketLocInfo, id 2, size 168
[01:16:31:988] [nioEventLoopGroup-0-2/INFO]: Encoder PLAY, packet SPacketPlayerLocation, id 9, size 25
[01:16:31:988] [nioEventLoopGroup-0-2/INFO]: Encoder PLAY, packet SPacketPlayerLocation, id 9, size 23
[01:16:42:076] [nioEventLoopGroup-0-2/INFO]: Соединение разорвано
[01:18:01:908] [nioEventLoopGroup-0-0/INFO]: Соединение установлено
[01:18:01:909] [nioEventLoopGroup-0-0/INFO]: Decoder HANDSHAKING, packet CHandshake, id 0, size 3
[01:18:01:909] [nioEventLoopGroup-0-0/INFO]: Decoder LOGIN, packet CPacketLoginStart, id 0, size 22
[01:18:01:911] [pool-2-thread-3/INFO]: Start initialize player id=4
[01:18:01:912] [pool-2-thread-3/INFO]: End initialize player id=4 name=Bos
[01:18:01:911] [nioEventLoopGroup-0-0/INFO]: Encoder LOGIN, packet SPacketLoginSuccess, id 1, size 2
[01:18:01:912] [nioEventLoopGroup-0-0/INFO]: Encoder PLAY, packet SPacketPlayerInfo, id 1, size 23
[01:18:01:912] [nioEventLoopGroup-0-0/INFO]: Encoder PLAY, packet SPacketLocInfo, id 2, size 168
[01:18:01:912] [nioEventLoopGroup-0-0/INFO]: Encoder PLAY, packet SPacketInventory, id 3, size 5
[01:18:01:912] [nioEventLoopGroup-0-0/INFO]: Encoder PLAY, packet SPacketBody, id 4, size 223
[01:18:03:015] [nioEventLoopGroup-0-0/INFO]: Decoder PLAY, packet CPacketAction, id 0, size 15
[01:18:03:015] [nioEventLoopGroup-0-0/INFO]: Encoder PLAY, packet SPacketLocInfo, id 2, size 226
[01:18:03:020] [nioEventLoopGroup-0-0/INFO]: Encoder PLAY, packet SPacketPlayerLocation, id 9, size 24
[01:18:03:020] [nioEventLoopGroup-0-0/INFO]: Encoder PLAY, packet SPacketPlayerLocation, id 9, size 23
[01:18:06:248] [nioEventLoopGroup-0-0/INFO]: Decoder PLAY, packet CPacketAction, id 0, size 15
[01:18:06:249] [nioEventLoopGroup-0-0/INFO]: Encoder PLAY, packet SPacketLocInfo, id 2, size 168
[01:18:06:254] [nioEventLoopGroup-0-0/INFO]: Encoder PLAY, packet SPacketPlayerLocation, id 9, size 25
[01:18:06:254] [nioEventLoopGroup-0-0/INFO]: Encoder PLAY, packet SPacketPlayerLocation, id 9, size 23
[01:18:07:203] [nioEventLoopGroup-0-0/INFO]: Decoder PLAY, packet CPacketAction, id 0, size 15
[01:18:07:204] [nioEventLoopGroup-0-0/INFO]: Encoder PLAY, packet SPacketLocInfo, id 2, size 87
[01:18:07:208] [nioEventLoopGroup-0-0/INFO]: Encoder PLAY, packet SPacketPlayerLocation, id 9, size 10
[01:18:07:208] [nioEventLoopGroup-0-0/INFO]: Encoder PLAY, packet SPacketPlayerLocation, id 9, size 23
[01:18:08:719] [nioEventLoopGroup-0-2/INFO]: Decoder PLAY, packet CPacketAction, id 0, size 15
[01:18:08:720] [nioEventLoopGroup-0-2/INFO]: Encoder PLAY, packet SPacketLocInfo, id 2, size 125
[01:18:08:724] [nioEventLoopGroup-0-2/INFO]: Encoder PLAY, packet SPacketPlayerLocation, id 9, size 10
[01:18:08:725] [nioEventLoopGroup-0-2/INFO]: Encoder PLAY, packet SPacketPlayerLocation, id 9, size 23
[01:18:09:631] [nioEventLoopGroup-0-2/INFO]: Decoder PLAY, packet CPacketAction, id 0, size 15
[01:18:09:631] [nioEventLoopGroup-0-2/INFO]: Encoder PLAY, packet SPacketLocInfo, id 2, size 168
[01:18:09:636] [nioEventLoopGroup-0-2/INFO]: Encoder PLAY, packet SPacketPlayerLocation, id 9, size 25
[01:18:09:636] [nioEventLoopGroup-0-2/INFO]: Encoder PLAY, packet SPacketPlayerLocation, id 9, size 23
[01:18:17:955] [nioEventLoopGroup-0-18/INFO]: Соединение разорвано
[01:19:22:094] [nioEventLoopGroup-0-17/INFO]: Соединение установлено
[01:19:22:095] [nioEventLoopGroup-0-17/INFO]: Decoder HANDSHAKING, packet CHandshake, id 0, size 3
[01:19:22:096] [nioEventLoopGroup-0-17/INFO]: Decoder LOGIN, packet CPacketLoginStart, id 0, size 22
[01:19:22:098] [pool-2-thread-4/INFO]: Start initialize player id=1
[01:19:22:098] [nioEventLoopGroup-0-17/INFO]: Encoder LOGIN, packet SPacketLoginSuccess, id 1, size 2
[01:19:22:098] [pool-2-thread-4/INFO]: End initialize player id=1 name=Test
[01:19:22:098] [nioEventLoopGroup-0-17/INFO]: Encoder PLAY, packet SPacketPlayerInfo, id 1, size 24
[01:19:22:098] [nioEventLoopGroup-0-17/INFO]: Encoder PLAY, packet SPacketLocInfo, id 2, size 226
[01:19:22:098] [nioEventLoopGroup-0-17/INFO]: Encoder PLAY, packet SPacketInventory, id 3, size 60
[01:19:22:098] [nioEventLoopGroup-0-17/INFO]: Encoder PLAY, packet SPacketBody, id 4, size 426
[01:19:23:301] [nioEventLoopGroup-0-23/INFO]: Decoder PLAY, packet CPacketAction, id 0, size 15
[01:19:23:302] [nioEventLoopGroup-0-23/INFO]: Encoder PLAY, packet SPacketLocInfo, id 2, size 168
[01:19:23:306] [nioEventLoopGroup-0-23/INFO]: Encoder PLAY, packet SPacketPlayerLocation, id 9, size 38
[01:19:23:306] [nioEventLoopGroup-0-23/INFO]: Encoder PLAY, packet SPacketPlayerLocation, id 9, size 24
[01:19:30:783] [nioEventLoopGroup-0-17/INFO]: Decoder PLAY, packet CPacketAction, id 0, size 15
[01:19:30:783] [nioEventLoopGroup-0-17/INFO]: Encoder PLAY, packet SPacketLocInfo, id 2, size 226
[01:19:30:788] [nioEventLoopGroup-0-17/INFO]: Encoder PLAY, packet SPacketPlayerLocation, id 9, size 10
[01:19:30:788] [nioEventLoopGroup-0-17/INFO]: Encoder PLAY, packet SPacketPlayerLocation, id 9, size 24
[01:19:37:546] [nioEventLoopGroup-0-17/INFO]: Decoder PLAY, packet CPacketAction, id 0, size 15
[01:19:37:547] [nioEventLoopGroup-0-17/INFO]: Encoder PLAY, packet SPacketLocInfo, id 2, size 168
[01:19:37:552] [nioEventLoopGroup-0-17/INFO]: Encoder PLAY, packet SPacketPlayerLocation, id 9, size 38
[01:19:37:552] [nioEventLoopGroup-0-17/INFO]: Encoder PLAY, packet SPacketPlayerLocation, id 9, size 24
[01:19:41:536] [nioEventLoopGroup-0-17/INFO]: Decoder PLAY, packet CPacketAction, id 0, size 15
[01:19:41:537] [nioEventLoopGroup-0-17/INFO]: Encoder PLAY, packet SPacketLocInfo, id 2, size 133
[01:19:41:541] [nioEventLoopGroup-0-17/INFO]: Encoder PLAY, packet SPacketPlayerLocation, id 9, size 10
[01:19:41:541] [nioEventLoopGroup-0-17/INFO]: Encoder PLAY, packet SPacketPlayerLocation, id 9, size 24
[01:19:42:334] [nioEventLoopGroup-0-17/INFO]: Decoder PLAY, packet CPacketAction, id 0, size 15
[01:19:42:335] [nioEventLoopGroup-0-17/INFO]: Encoder PLAY, packet SPacketLocInfo, id 2, size 125
[01:19:42:341] [nioEventLoopGroup-0-17/INFO]: Encoder PLAY, packet SPacketPlayerLocation, id 9, size 10
[01:19:42:341] [nioEventLoopGroup-0-17/INFO]: Encoder PLAY, packet SPacketPlayerLocation, id 9, size 24
[01:19:43:422] [nioEventLoopGroup-0-17/INFO]: Decoder PLAY, packet CPacketAction, id 0, size 15
[01:19:43:423] [nioEventLoopGroup-0-17/INFO]: Encoder PLAY, packet SPacketLocInfo, id 2, size 87
[01:19:43:426] [nioEventLoopGroup-0-17/INFO]: Encoder PLAY, packet SPacketPlayerLocation, id 9, size 10
[01:19:43:427] [nioEventLoopGroup-0-17/INFO]: Encoder PLAY, packet SPacketPlayerLocation, id 9, size 24
[01:19:44:116] [nioEventLoopGroup-0-17/INFO]: Decoder PLAY, packet CPacketAction, id 0, size 15
[01:19:44:117] [nioEventLoopGroup-0-17/INFO]: Encoder PLAY, packet SPacketLocInfo, id 2, size 125
[01:19:44:122] [nioEventLoopGroup-0-17/INFO]: Encoder PLAY, packet SPacketPlayerLocation, id 9, size 10
[01:19:44:122] [nioEventLoopGroup-0-17/INFO]: Encoder PLAY, packet SPacketPlayerLocation, id 9, size 24
[01:19:44:670] [nioEventLoopGroup-0-17/INFO]: Decoder PLAY, packet CPacketAction, id 0, size 15
[01:19:44:671] [nioEventLoopGroup-0-17/INFO]: Encoder PLAY, packet SPacketLocInfo, id 2, size 133
[01:19:44:678] [nioEventLoopGroup-0-17/INFO]: Encoder PLAY, packet SPacketPlayerLocation, id 9, size 10
[01:19:44:678] [nioEventLoopGroup-0-17/INFO]: Encoder PLAY, packet SPacketPlayerLocation, id 9, size 24
[01:19:45:473] [nioEventLoopGroup-0-11/INFO]: Decoder PLAY, packet CPacketAction, id 0, size 15
[01:19:45:474] [nioEventLoopGroup-0-11/INFO]: Encoder PLAY, packet SPacketLocInfo, id 2, size 125
[01:19:45:479] [nioEventLoopGroup-0-11/INFO]: Encoder PLAY, packet SPacketPlayerLocation, id 9, size 10
[01:19:45:479] [nioEventLoopGroup-0-11/INFO]: Encoder PLAY, packet SPacketPlayerLocation, id 9, size 24
[01:19:46:109] [nioEventLoopGroup-0-11/INFO]: Decoder PLAY, packet CPacketAction, id 0, size 15
[01:19:46:110] [nioEventLoopGroup-0-11/INFO]: Encoder PLAY, packet SPacketLocInfo, id 2, size 168
[01:19:46:113] [nioEventLoopGroup-0-17/INFO]: Encoder PLAY, packet SPacketPlayerLocation, id 9, size 38
[01:19:46:113] [nioEventLoopGroup-0-17/INFO]: Encoder PLAY, packet SPacketPlayerLocation, id 9, size 24
[01:19:48:990] [nioEventLoopGroup-0-17/INFO]: Соединение разорвано
[01:20:09:832] [nioEventLoopGroup-0-18/INFO]: Соединение установлено
[01:20:09:833] [nioEventLoopGroup-0-18/INFO]: Decoder HANDSHAKING, packet CHandshake, id 0, size 3
[01:20:09:833] [nioEventLoopGroup-0-18/INFO]: Decoder LOGIN, packet CPacketLoginStart, id 0, size 22
[01:20:09:835] [pool-2-thread-9/INFO]: Start initialize player id=1
[01:20:09:835] [pool-2-thread-9/INFO]: End initialize player id=1 name=Test
[01:20:09:835] [nioEventLoopGroup-0-18/INFO]: Encoder LOGIN, packet SPacketLoginSuccess, id 1, size 2
[01:20:09:835] [nioEventLoopGroup-0-18/INFO]: Encoder PLAY, packet SPacketPlayerInfo, id 1, size 24
[01:20:09:835] [nioEventLoopGroup-0-18/INFO]: Encoder PLAY, packet SPacketLocInfo, id 2, size 168
[01:20:09:836] [nioEventLoopGroup-0-18/INFO]: Encoder PLAY, packet SPacketInventory, id 3, size 60
[01:20:09:836] [nioEventLoopGroup-0-18/INFO]: Encoder PLAY, packet SPacketBody, id 4, size 426
[01:20:11:071] [nioEventLoopGroup-0-18/INFO]: Decoder PLAY, packet CPacketAction, id 0, size 15
[01:20:11:072] [nioEventLoopGroup-0-18/INFO]: Encoder PLAY, packet SPacketLocInfo, id 2, size 226
[01:20:11:077] [nioEventLoopGroup-0-18/INFO]: Encoder PLAY, packet SPacketPlayerLocation, id 9, size 10
[01:20:11:077] [nioEventLoopGroup-0-18/INFO]: Encoder PLAY, packet SPacketPlayerLocation, id 9, size 24
[01:20:12:759] [nioEventLoopGroup-0-18/INFO]: Decoder PLAY, packet CPacketAction, id 0, size 15
[01:20:12:759] [nioEventLoopGroup-0-18/INFO]: Encoder PLAY, packet SPacketLocInfo, id 2, size 160
[01:20:12:764] [nioEventLoopGroup-0-18/INFO]: Encoder PLAY, packet SPacketPlayerLocation, id 9, size 10
[01:20:12:764] [nioEventLoopGroup-0-18/INFO]: Encoder PLAY, packet SPacketPlayerLocation, id 9, size 24
[01:20:13:556] [nioEventLoopGroup-0-18/INFO]: Decoder PLAY, packet CPacketAction, id 0, size 15
[01:20:13:558] [nioEventLoopGroup-0-18/INFO]: Encoder PLAY, packet SPacketLocInfo, id 2, size 226
[01:20:13:562] [nioEventLoopGroup-0-1/INFO]: Encoder PLAY, packet SPacketPlayerLocation, id 9, size 10
[01:20:13:562] [nioEventLoopGroup-0-1/INFO]: Encoder PLAY, packet SPacketPlayerLocation, id 9, size 24
[01:20:14:232] [nioEventLoopGroup-0-18/INFO]: Decoder PLAY, packet CPacketAction, id 0, size 15
[01:20:14:233] [nioEventLoopGroup-0-18/INFO]: Encoder PLAY, packet SPacketStore, id 6, size 482
[01:20:17:420] [nioEventLoopGroup-0-18/INFO]: Decoder PLAY, packet CPacketAction, id 0, size 15
[01:20:17:421] [nioEventLoopGroup-0-18/INFO]: Encoder PLAY, packet SPacketLocInfo, id 2, size 168
[01:20:17:440] [nioEventLoopGroup-0-18/INFO]: Encoder PLAY, packet SPacketPlayerLocation, id 9, size 38
[01:20:17:440] [nioEventLoopGroup-0-18/INFO]: Encoder PLAY, packet SPacketPlayerLocation, id 9, size 24
[01:20:40:547] [nioEventLoopGroup-0-18/INFO]: Соединение разорвано
[01:21:03:222] [nioEventLoopGroup-0-5/INFO]: Соединение установлено
[01:21:03:223] [nioEventLoopGroup-0-5/INFO]: Decoder HANDSHAKING, packet CHandshake, id 0, size 3
[01:21:03:223] [nioEventLoopGroup-0-5/INFO]: Decoder LOGIN, packet CPacketLoginStart, id 0, size 22
[01:21:03:225] [pool-2-thread-1/INFO]: Start initialize player id=1
[01:21:03:225] [pool-2-thread-1/INFO]: End initialize player id=1 name=Test
[01:21:03:225] [nioEventLoopGroup-0-5/INFO]: Encoder LOGIN, packet SPacketLoginSuccess, id 1, size 2
[01:21:03:225] [nioEventLoopGroup-0-5/INFO]: Encoder PLAY, packet SPacketPlayerInfo, id 1, size 24
[01:21:03:226] [nioEventLoopGroup-0-5/INFO]: Encoder PLAY, packet SPacketLocInfo, id 2, size 168
[01:21:03:226] [nioEventLoopGroup-0-5/INFO]: Encoder PLAY, packet SPacketInventory, id 3, size 60
[01:21:03:226] [nioEventLoopGroup-0-5/INFO]: Encoder PLAY, packet SPacketBody, id 4, size 426
[01:21:04:461] [nioEventLoopGroup-0-5/INFO]: Decoder PLAY, packet CPacketAction, id 0, size 15
[01:21:04:461] [nioEventLoopGroup-0-5/INFO]: Encoder PLAY, packet SPacketLocInfo, id 2, size 226
[01:21:04:466] [nioEventLoopGroup-0-5/INFO]: Encoder PLAY, packet SPacketPlayerLocation, id 9, size 10
[01:21:04:466] [nioEventLoopGroup-0-5/INFO]: Encoder PLAY, packet SPacketPlayerLocation, id 9, size 24
[01:21:06:123] [nioEventLoopGroup-0-5/INFO]: Decoder PLAY, packet CPacketAction, id 0, size 15
[01:21:06:123] [nioEventLoopGroup-0-5/INFO]: Encoder PLAY, packet SPacketLocInfo, id 2, size 160
[01:21:06:127] [nioEventLoopGroup-0-5/INFO]: Encoder PLAY, packet SPacketPlayerLocation, id 9, size 10
[01:21:06:128] [nioEventLoopGroup-0-5/INFO]: Encoder PLAY, packet SPacketPlayerLocation, id 9, size 24
[01:21:07:584] [nioEventLoopGroup-0-5/INFO]: Decoder PLAY, packet CPacketAction, id 0, size 15
[01:21:07:585] [nioEventLoopGroup-0-5/INFO]: Encoder PLAY, packet SPacketLocInfo, id 2, size 92
[01:21:07:588] [nioEventLoopGroup-0-5/INFO]: Encoder PLAY, packet SPacketPlayerLocation, id 9, size 10
[01:21:07:589] [nioEventLoopGroup-0-5/INFO]: Encoder PLAY, packet SPacketPlayerLocation, id 9, size 24
[01:21:08:224] [nioEventLoopGroup-0-5/INFO]: Decoder PLAY, packet CPacketAction, id 0, size 15
[01:21:08:225] [nioEventLoopGroup-0-5/INFO]: Encoder PLAY, packet SPacketLocInfo, id 2, size 160
[01:21:08:230] [nioEventLoopGroup-0-5/INFO]: Encoder PLAY, packet SPacketPlayerLocation, id 9, size 10
[01:21:08:230] [nioEventLoopGroup-0-5/INFO]: Encoder PLAY, packet SPacketPlayerLocation, id 9, size 24
[01:21:08:936] [nioEventLoopGroup-0-5/INFO]: Decoder PLAY, packet CPacketAction, id 0, size 15
[01:21:08:937] [nioEventLoopGroup-0-5/INFO]: Encoder PLAY, packet SPacketLocInfo, id 2, size 83
[01:21:08:941] [nioEventLoopGroup-0-5/INFO]: Encoder PLAY, packet SPacketPlayerLocation, id 9, size 10
[01:21:08:941] [nioEventLoopGroup-0-5/INFO]: Encoder PLAY, packet SPacketPlayerLocation, id 9, size 24
[01:21:09:687] [nioEventLoopGroup-0-5/INFO]: Decoder PLAY, packet CPacketAction, id 0, size 15
[01:21:09:687] [nioEventLoopGroup-0-5/INFO]: Encoder PLAY, packet SPacketLocInfo, id 2, size 160
[01:21:09:691] [nioEventLoopGroup-0-5/INFO]: Encoder PLAY, packet SPacketPlayerLocation, id 9, size 10
[01:21:09:691] [nioEventLoopGroup-0-5/INFO]: Encoder PLAY, packet SPacketPlayerLocation, id 9, size 24
[01:21:10:156] [nioEventLoopGroup-0-5/INFO]: Decoder PLAY, packet CPacketAction, id 0, size 15
[01:21:10:158] [nioEventLoopGroup-0-5/INFO]: Encoder PLAY, packet SPacketLocInfo, id 2, size 129
[01:21:10:163] [nioEventLoopGroup-0-5/INFO]: Encoder PLAY, packet SPacketPlayerLocation, id 9, size 10
[01:21:10:163] [nioEventLoopGroup-0-5/INFO]: Encoder PLAY, packet SPacketPlayerLocation, id 9, size 24
[01:21:10:912] [nioEventLoopGroup-0-5/INFO]: Decoder PLAY, packet CPacketAction, id 0, size 15
[01:21:10:913] [nioEventLoopGroup-0-5/INFO]: Encoder PLAY, packet SPacketLocInfo, id 2, size 92
[01:21:10:918] [nioEventLoopGroup-0-5/INFO]: Encoder PLAY, packet SPacketPlayerLocation, id 9, size 10
[01:21:10:918] [nioEventLoopGroup-0-5/INFO]: Encoder PLAY, packet SPacketPlayerLocation, id 9, size 24
[01:21:11:608] [nioEventLoopGroup-0-5/INFO]: Decoder PLAY, packet CPacketAction, id 0, size 15
[01:21:11:610] [nioEventLoopGroup-0-5/INFO]: Encoder PLAY, packet SPacketLocInfo, id 2, size 160
[01:21:11:613] [nioEventLoopGroup-0-5/INFO]: Encoder PLAY, packet SPacketPlayerLocation, id 9, size 10
[01:21:11:613] [nioEventLoopGroup-0-5/INFO]: Encoder PLAY, packet SPacketPlayerLocation, id 9, size 24
[01:21:12:393] [nioEventLoopGroup-0-5/INFO]: Decoder PLAY, packet CPacketAction, id 0, size 15
[01:21:12:393] [nioEventLoopGroup-0-5/INFO]: Encoder PLAY, packet SPacketLocInfo, id 2, size 92
[01:21:12:397] [nioEventLoopGroup-0-5/INFO]: Encoder PLAY, packet SPacketPlayerLocation, id 9, size 10
[01:21:12:397] [nioEventLoopGroup-0-5/INFO]: Encoder PLAY, packet SPacketPlayerLocation, id 9, size 24
[01:21:12:998] [nioEventLoopGroup-0-5/INFO]: Decoder PLAY, packet CPacketAction, id 0, size 15
[01:21:12:999] [nioEventLoopGroup-0-5/INFO]: Encoder PLAY, packet SPacketLocInfo, id 2, size 160
[01:21:13:003] [nioEventLoopGroup-0-5/INFO]: Encoder PLAY, packet SPacketPlayerLocation, id 9, size 10
[01:21:13:003] [nioEventLoopGroup-0-5/INFO]: Encoder PLAY, packet SPacketPlayerLocation, id 9, size 24
[01:21:13:280] [nioEventLoopGroup-0-5/INFO]: Decoder PLAY, packet CPacketAction, id 0, size 15
[01:21:13:281] [nioEventLoopGroup-0-5/INFO]: Encoder PLAY, packet SPacketLocInfo, id 2, size 129
[01:21:13:293] [nioEventLoopGroup-0-5/INFO]: Encoder PLAY, packet SPacketPlayerLocation, id 9, size 10
[01:21:13:293] [nioEventLoopGroup-0-5/INFO]: Encoder PLAY, packet SPacketPlayerLocation, id 9, size 24
[01:21:13:736] [nioEventLoopGroup-0-5/INFO]: Decoder PLAY, packet CPacketAction, id 0, size 15
[01:21:13:737] [nioEventLoopGroup-0-5/INFO]: Encoder PLAY, packet SPacketLocInfo, id 2, size 160
[01:21:13:740] [nioEventLoopGroup-0-5/INFO]: Encoder PLAY, packet SPacketPlayerLocation, id 9, size 10
[01:21:13:740] [nioEventLoopGroup-0-5/INFO]: Encoder PLAY, packet SPacketPlayerLocation, id 9, size 24
[01:21:14:762] [nioEventLoopGroup-0-5/INFO]: Decoder PLAY, packet CPacketAction, id 0, size 15
[01:21:14:763] [nioEventLoopGroup-0-5/INFO]: Encoder PLAY, packet SPacketLocInfo, id 2, size 83
[01:21:14:767] [nioEventLoopGroup-0-5/INFO]: Encoder PLAY, packet SPacketPlayerLocation, id 9, size 10
[01:21:14:767] [nioEventLoopGroup-0-5/INFO]: Encoder PLAY, packet SPacketPlayerLocation, id 9, size 24
[01:21:15:400] [nioEventLoopGroup-0-5/INFO]: Decoder PLAY, packet CPacketAction, id 0, size 15
[01:21:15:401] [nioEventLoopGroup-0-5/INFO]: Encoder PLAY, packet SPacketLocInfo, id 2, size 160
[01:21:15:405] [nioEventLoopGroup-0-5/INFO]: Encoder PLAY, packet SPacketPlayerLocation, id 9, size 10
[01:21:15:405] [nioEventLoopGroup-0-5/INFO]: Encoder PLAY, packet SPacketPlayerLocation, id 9, size 24
[01:21:16:114] [nioEventLoopGroup-0-5/INFO]: Decoder PLAY, packet CPacketAction, id 0, size 15
[01:21:16:115] [nioEventLoopGroup-0-5/INFO]: Encoder PLAY, packet SPacketLocInfo, id 2, size 92
[01:21:16:118] [nioEventLoopGroup-0-5/INFO]: Encoder PLAY, packet SPacketPlayerLocation, id 9, size 10
[01:21:16:118] [nioEventLoopGroup-0-5/INFO]: Encoder PLAY, packet SPacketPlayerLocation, id 9, size 24
[01:21:16:812] [nioEventLoopGroup-0-5/INFO]: Decoder PLAY, packet CPacketAction, id 0, size 15
[01:21:16:813] [nioEventLoopGroup-0-5/INFO]: Encoder PLAY, packet SPacketLocInfo, id 2, size 160
[01:21:16:817] [nioEventLoopGroup-0-5/INFO]: Encoder PLAY, packet SPacketPlayerLocation, id 9, size 10
[01:21:16:817] [nioEventLoopGroup-0-5/INFO]: Encoder PLAY, packet SPacketPlayerLocation, id 9, size 24
[01:21:17:238] [nioEventLoopGroup-0-5/INFO]: Decoder PLAY, packet CPacketAction, id 0, size 15
[01:21:17:239] [nioEventLoopGroup-0-5/INFO]: Encoder PLAY, packet SPacketLocInfo, id 2, size 129
[01:21:17:242] [nioEventLoopGroup-0-5/INFO]: Encoder PLAY, packet SPacketPlayerLocation, id 9, size 10
[01:21:17:242] [nioEventLoopGroup-0-5/INFO]: Encoder PLAY, packet SPacketPlayerLocation, id 9, size 24
[01:21:18:010] [nioEventLoopGroup-0-5/INFO]: Decoder PLAY, packet CPacketAction, id 0, size 15
[01:21:18:011] [nioEventLoopGroup-0-5/INFO]: Encoder PLAY, packet SPacketLocInfo, id 2, size 160
[01:21:18:016] [nioEventLoopGroup-0-5/INFO]: Encoder PLAY, packet SPacketPlayerLocation, id 9, size 10
[01:21:18:016] [nioEventLoopGroup-0-5/INFO]: Encoder PLAY, packet SPacketPlayerLocation, id 9, size 24
[01:21:18:810] [nioEventLoopGroup-0-5/INFO]: Decoder PLAY, packet CPacketAction, id 0, size 15
[01:21:18:811] [nioEventLoopGroup-0-5/INFO]: Encoder PLAY, packet SPacketLocInfo, id 2, size 226
[01:21:18:813] [nioEventLoopGroup-0-5/INFO]: Encoder PLAY, packet SPacketPlayerLocation, id 9, size 10
[01:21:18:813] [nioEventLoopGroup-0-5/INFO]: Encoder PLAY, packet SPacketPlayerLocation, id 9, size 24
[01:21:19:590] [nioEventLoopGroup-0-5/INFO]: Decoder PLAY, packet CPacketAction, id 0, size 15
[01:21:19:591] [nioEventLoopGroup-0-5/INFO]: Encoder PLAY, packet SPacketLocInfo, id 2, size 168
[01:21:19:595] [nioEventLoopGroup-0-5/INFO]: Encoder PLAY, packet SPacketPlayerLocation, id 9, size 38
[01:21:19:595] [nioEventLoopGroup-0-5/INFO]: Encoder PLAY, packet SPacketPlayerLocation, id 9, size 24
[01:21:54:466] [nioEventLoopGroup-0-17/INFO]: Соединение установлено
[01:21:54:469] [nioEventLoopGroup-0-17/INFO]: Decoder HANDSHAKING, packet CHandshake, id 0, size 3
[01:21:54:469] [nioEventLoopGroup-0-17/INFO]: Decoder LOGIN, packet CPacketLoginStart, id 0, size 22
[01:21:54:471] [pool-2-thread-9/INFO]: Start initialize player id=3
[01:21:54:471] [nioEventLoopGroup-0-17/INFO]: Encoder LOGIN, packet SPacketLoginSuccess, id 1, size 2
[01:21:54:472] [pool-2-thread-9/INFO]: Load player id=3
[01:21:54:478] [pool-2-thread-9/INFO]: End initialize player id=3 name=Bot
[01:21:54:478] [nioEventLoopGroup-0-17/INFO]: Encoder PLAY, packet SPacketPlayerInfo, id 1, size 23
[01:21:54:478] [nioEventLoopGroup-0-17/INFO]: Encoder PLAY, packet SPacketLocInfo, id 2, size 168
[01:21:54:479] [nioEventLoopGroup-0-17/INFO]: Encoder PLAY, packet SPacketInventory, id 3, size 5
[01:21:54:479] [nioEventLoopGroup-0-17/INFO]: Encoder PLAY, packet SPacketBody, id 4, size 3
[01:22:00:819] [nioEventLoopGroup-0-17/INFO]: Decoder PLAY, packet CPacketAction, id 0, size 15
[01:22:00:820] [nioEventLoopGroup-0-17/INFO]: Encoder PLAY, packet SPacketLocInfo, id 2, size 133
[01:22:00:821] [nioEventLoopGroup-0-5/INFO]: Encoder PLAY, packet SPacketPlayerLocation, id 9, size 14
[01:22:00:824] [nioEventLoopGroup-0-17/INFO]: Encoder PLAY, packet SPacketPlayerLocation, id 9, size 10
[01:22:00:824] [nioEventLoopGroup-0-17/INFO]: Encoder PLAY, packet SPacketPlayerLocation, id 9, size 23
[01:22:14:332] [nioEventLoopGroup-0-17/INFO]: Decoder PLAY, packet CPacketAction, id 0, size 15
[01:22:14:333] [nioEventLoopGroup-0-17/INFO]: Encoder PLAY, packet SPacketLocInfo, id 2, size 168
[01:22:14:336] [nioEventLoopGroup-0-17/INFO]: Encoder PLAY, packet SPacketPlayerLocation, id 9, size 52
[01:22:14:336] [nioEventLoopGroup-0-5/INFO]: Encoder PLAY, packet SPacketPlayerLocation, id 9, size 23
[01:22:14:336] [nioEventLoopGroup-0-17/INFO]: Encoder PLAY, packet SPacketPlayerLocation, id 9, size 23
[01:24:01:501] [nioEventLoopGroup-0-5/INFO]: exceptionCaught
java.io.IOException: Удаленный хост принудительно разорвал существующее подключение
	at sun.nio.ch.SocketDispatcher.read0(Native Method) ~[?:1.8.0_151]
	at sun.nio.ch.SocketDispatcher.read(SocketDispatcher.java:43) ~[?:1.8.0_151]
	at sun.nio.ch.IOUtil.readIntoNativeBuffer(IOUtil.java:223) ~[?:1.8.0_151]
	at sun.nio.ch.IOUtil.read(IOUtil.java:192) ~[?:1.8.0_151]
	at sun.nio.ch.SocketChannelImpl.read(SocketChannelImpl.java:380) ~[?:1.8.0_151]
	at io.netty.buffer.PooledUnsafeDirectByteBuf.setBytes(PooledUnsafeDirectByteBuf.java:311) ~[netty-all-5.0.0.Alpha2.jar:5.0.0.Alpha2]
	at io.netty.buffer.AbstractByteBuf.writeBytes(AbstractByteBuf.java:853) ~[netty-all-5.0.0.Alpha2.jar:5.0.0.Alpha2]
	at io.netty.channel.socket.nio.NioSocketChannel.doReadBytes(NioSocketChannel.java:240) ~[netty-all-5.0.0.Alpha2.jar:5.0.0.Alpha2]
	at io.netty.channel.nio.AbstractNioByteChannel$NioByteUnsafe.read(AbstractNioByteChannel.java:115) [netty-all-5.0.0.Alpha2.jar:5.0.0.Alpha2]
	at io.netty.channel.nio.NioEventLoop.processSelectedKey(NioEventLoop.java:514) [netty-all-5.0.0.Alpha2.jar:5.0.0.Alpha2]
	at io.netty.channel.nio.NioEventLoop.processSelectedKeysOptimized(NioEventLoop.java:471) [netty-all-5.0.0.Alpha2.jar:5.0.0.Alpha2]
	at io.netty.channel.nio.NioEventLoop.processSelectedKeys(NioEventLoop.java:385) [netty-all-5.0.0.Alpha2.jar:5.0.0.Alpha2]
	at io.netty.channel.nio.NioEventLoop.run(NioEventLoop.java:351) [netty-all-5.0.0.Alpha2.jar:5.0.0.Alpha2]
	at io.netty.util.concurrent.SingleThreadEventExecutor$2.run(SingleThreadEventExecutor.java:116) [netty-all-5.0.0.Alpha2.jar:5.0.0.Alpha2]
	at io.netty.util.internal.chmv8.ForkJoinTask$RunnableExecuteAction.exec(ForkJoinTask.java:1412) [netty-all-5.0.0.Alpha2.jar:5.0.0.Alpha2]
	at io.netty.util.internal.chmv8.ForkJoinTask.doExec(ForkJoinTask.java:280) [netty-all-5.0.0.Alpha2.jar:5.0.0.Alpha2]
	at io.netty.util.internal.chmv8.ForkJoinPool$WorkQueue.runTask(ForkJoinPool.java:877) [netty-all-5.0.0.Alpha2.jar:5.0.0.Alpha2]
	at io.netty.util.internal.chmv8.ForkJoinPool.scan(ForkJoinPool.java:1706) [netty-all-5.0.0.Alpha2.jar:5.0.0.Alpha2]
	at io.netty.util.internal.chmv8.ForkJoinPool.runWorker(ForkJoinPool.java:1661) [netty-all-5.0.0.Alpha2.jar:5.0.0.Alpha2]
	at io.netty.util.internal.chmv8.ForkJoinWorkerThread.run(ForkJoinWorkerThread.java:126) [netty-all-5.0.0.Alpha2.jar:5.0.0.Alpha2]
[01:24:01:502] [nioEventLoopGroup-0-5/INFO]: [Test, exceptionCaught] lost connection: {}
[01:24:01:502] [nioEventLoopGroup-0-5/INFO]: Соединение разорвано
[01:24:03:986] [nioEventLoopGroup-0-17/INFO]: Соединение разорвано
[01:24:07:873] [nioEventLoopGroup-0-2/INFO]: Соединение установлено
[01:24:07:874] [nioEventLoopGroup-0-2/INFO]: Decoder HANDSHAKING, packet CHandshake, id 0, size 3
[01:24:07:874] [nioEventLoopGroup-0-2/INFO]: Decoder LOGIN, packet CPacketLoginStart, id 0, size 22
[01:24:07:876] [pool-2-thread-5/INFO]: Start initialize player id=1
[01:24:07:876] [nioEventLoopGroup-0-2/INFO]: Encoder LOGIN, packet SPacketLoginSuccess, id 1, size 2
[01:24:07:876] [pool-2-thread-5/INFO]: End initialize player id=1 name=Test
[01:24:07:876] [nioEventLoopGroup-0-2/INFO]: Encoder PLAY, packet SPacketPlayerInfo, id 1, size 24
[01:24:07:876] [nioEventLoopGroup-0-2/INFO]: Encoder PLAY, packet SPacketLocInfo, id 2, size 168
[01:24:07:876] [nioEventLoopGroup-0-2/INFO]: Encoder PLAY, packet SPacketInventory, id 3, size 60
[01:24:07:876] [nioEventLoopGroup-0-2/INFO]: Encoder PLAY, packet SPacketBody, id 4, size 426
[01:24:10:247] [nioEventLoopGroup-0-2/INFO]: Decoder PLAY, packet CPacketAction, id 0, size 15
[01:24:10:248] [nioEventLoopGroup-0-2/INFO]: Encoder PLAY, packet SPacketLocInfo, id 2, size 133
[01:24:10:252] [nioEventLoopGroup-0-2/INFO]: Encoder PLAY, packet SPacketPlayerLocation, id 9, size 10
[01:24:10:252] [nioEventLoopGroup-0-2/INFO]: Encoder PLAY, packet SPacketPlayerLocation, id 9, size 24
[01:24:11:931] [nioEventLoopGroup-0-2/INFO]: Decoder PLAY, packet CPacketAction, id 0, size 15
[01:24:11:932] [nioEventLoopGroup-0-2/INFO]: Encoder PLAY, packet SPacketLocInfo, id 2, size 168
[01:24:11:934] [nioEventLoopGroup-0-2/INFO]: Encoder PLAY, packet SPacketPlayerLocation, id 9, size 51
[01:24:11:934] [nioEventLoopGroup-0-2/INFO]: Encoder PLAY, packet SPacketPlayerLocation, id 9, size 24
[01:24:31:103] [nioEventLoopGroup-0-14/INFO]: Соединение установлено
[01:24:31:105] [nioEventLoopGroup-0-14/INFO]: Decoder HANDSHAKING, packet CHandshake, id 0, size 3
[01:24:31:105] [nioEventLoopGroup-0-14/INFO]: Decoder LOGIN, packet CPacketLoginStart, id 0, size 22
[01:24:31:107] [pool-2-thread-10/INFO]: Start initialize player id=2
[01:24:31:107] [pool-2-thread-10/INFO]: End initialize player id=2 name=Test1
[01:24:31:107] [nioEventLoopGroup-0-14/INFO]: Encoder LOGIN, packet SPacketLoginSuccess, id 1, size 2
[01:24:31:107] [nioEventLoopGroup-0-14/INFO]: Encoder PLAY, packet SPacketPlayerInfo, id 1, size 25
[01:24:31:107] [nioEventLoopGroup-0-14/INFO]: Encoder PLAY, packet SPacketLocInfo, id 2, size 168
[01:24:31:107] [nioEventLoopGroup-0-14/INFO]: Encoder PLAY, packet SPacketInventory, id 3, size 166
[01:24:31:107] [nioEventLoopGroup-0-14/INFO]: Encoder PLAY, packet SPacketBody, id 4, size 110
[01:24:32:521] [nioEventLoopGroup-0-14/INFO]: Decoder PLAY, packet CPacketAction, id 0, size 15
[01:24:32:522] [nioEventLoopGroup-0-14/INFO]: Encoder PLAY, packet SPacketLocInfo, id 2, size 133
[01:24:32:522] [nioEventLoopGroup-0-2/INFO]: Encoder PLAY, packet SPacketPlayerLocation, id 9, size 14
[01:24:32:527] [nioEventLoopGroup-0-14/INFO]: Encoder PLAY, packet SPacketPlayerLocation, id 9, size 10
[01:24:32:527] [nioEventLoopGroup-0-14/INFO]: Encoder PLAY, packet SPacketPlayerLocation, id 9, size 25
[01:24:35:027] [nioEventLoopGroup-0-14/INFO]: Decoder PLAY, packet CPacketAction, id 0, size 15
[01:24:35:028] [nioEventLoopGroup-0-14/INFO]: Encoder PLAY, packet SPacketLocInfo, id 2, size 168
[01:24:35:030] [nioEventLoopGroup-0-14/INFO]: Encoder PLAY, packet SPacketPlayerLocation, id 9, size 50
[01:24:35:030] [nioEventLoopGroup-0-2/INFO]: Encoder PLAY, packet SPacketPlayerLocation, id 9, size 25
[01:24:35:030] [nioEventLoopGroup-0-14/INFO]: Encoder PLAY, packet SPacketPlayerLocation, id 9, size 25
[01:24:39:558] [nioEventLoopGroup-0-14/INFO]: Decoder PLAY, packet CPacketAction, id 0, size 15
[01:24:39:559] [nioEventLoopGroup-0-2/INFO]: Encoder PLAY, packet SPacketPlayerLocation, id 9, size 14
[01:24:39:559] [nioEventLoopGroup-0-14/INFO]: Encoder PLAY, packet SPacketLocInfo, id 2, size 133
[01:24:39:564] [nioEventLoopGroup-0-14/INFO]: Encoder PLAY, packet SPacketPlayerLocation, id 9, size 10
[01:24:39:564] [nioEventLoopGroup-0-14/INFO]: Encoder PLAY, packet SPacketPlayerLocation, id 9, size 25
[01:24:42:617] [nioEventLoopGroup-0-14/INFO]: Decoder PLAY, packet CPacketAction, id 0, size 15
[01:24:42:617] [nioEventLoopGroup-0-14/INFO]: Encoder PLAY, packet SPacketLocInfo, id 2, size 168
[01:24:42:621] [nioEventLoopGroup-0-14/INFO]: Encoder PLAY, packet SPacketPlayerLocation, id 9, size 50
[01:24:42:621] [nioEventLoopGroup-0-2/INFO]: Encoder PLAY, packet SPacketPlayerLocation, id 9, size 25
[01:24:42:621] [nioEventLoopGroup-0-14/INFO]: Encoder PLAY, packet SPacketPlayerLocation, id 9, size 25
[01:24:48:308] [nioEventLoopGroup-0-14/INFO]: Decoder PLAY, packet CPacketAction, id 0, size 15
[01:24:48:309] [nioEventLoopGroup-0-2/INFO]: Encoder PLAY, packet SPacketPlayerLocation, id 9, size 14
[01:24:48:309] [nioEventLoopGroup-0-14/INFO]: Encoder PLAY, packet SPacketLocInfo, id 2, size 133
[01:24:48:313] [nioEventLoopGroup-0-14/INFO]: Encoder PLAY, packet SPacketPlayerLocation, id 9, size 10
[01:24:48:314] [nioEventLoopGroup-0-14/INFO]: Encoder PLAY, packet SPacketPlayerLocation, id 9, size 25
[01:24:49:403] [nioEventLoopGroup-0-14/INFO]: Decoder PLAY, packet CPacketAction, id 0, size 15
[01:24:49:404] [nioEventLoopGroup-0-14/INFO]: Encoder PLAY, packet SPacketLocInfo, id 2, size 168
[01:24:49:407] [nioEventLoopGroup-0-14/INFO]: Encoder PLAY, packet SPacketPlayerLocation, id 9, size 50
[01:24:49:407] [nioEventLoopGroup-0-2/INFO]: Encoder PLAY, packet SPacketPlayerLocation, id 9, size 25
[01:24:49:407] [nioEventLoopGroup-0-14/INFO]: Encoder PLAY, packet SPacketPlayerLocation, id 9, size 25
[01:24:52:032] [nioEventLoopGroup-0-14/INFO]: Decoder PLAY, packet CPacketAction, id 0, size 15
[01:24:52:034] [nioEventLoopGroup-0-2/INFO]: Encoder PLAY, packet SPacketPlayerLocation, id 9, size 14
[01:24:52:034] [nioEventLoopGroup-0-14/INFO]: Encoder PLAY, packet SPacketLocInfo, id 2, size 133
[01:24:52:038] [nioEventLoopGroup-0-14/INFO]: Encoder PLAY, packet SPacketPlayerLocation, id 9, size 10
[01:24:52:038] [nioEventLoopGroup-0-14/INFO]: Encoder PLAY, packet SPacketPlayerLocation, id 9, size 25
[01:24:53:008] [nioEventLoopGroup-0-14/INFO]: Decoder PLAY, packet CPacketAction, id 0, size 15
[01:24:53:009] [nioEventLoopGroup-0-14/INFO]: Encoder PLAY, packet SPacketLocInfo, id 2, size 168
[01:24:53:014] [nioEventLoopGroup-0-14/INFO]: Encoder PLAY, packet SPacketPlayerLocation, id 9, size 50
[01:24:53:014] [nioEventLoopGroup-0-2/INFO]: Encoder PLAY, packet SPacketPlayerLocation, id 9, size 25
[01:24:53:014] [nioEventLoopGroup-0-14/INFO]: Encoder PLAY, packet SPacketPlayerLocation, id 9, size 25
[01:24:55:768] [nioEventLoopGroup-0-14/INFO]: Decoder PLAY, packet CPacketAction, id 0, size 15
[01:24:55:769] [nioEventLoopGroup-0-2/INFO]: Encoder PLAY, packet SPacketPlayerLocation, id 9, size 14
[01:24:55:769] [nioEventLoopGroup-0-14/INFO]: Encoder PLAY, packet SPacketLocInfo, id 2, size 133
[01:24:55:774] [nioEventLoopGroup-0-14/INFO]: Encoder PLAY, packet SPacketPlayerLocation, id 9, size 10
[01:24:55:774] [nioEventLoopGroup-0-14/INFO]: Encoder PLAY, packet SPacketPlayerLocation, id 9, size 25
[01:24:56:686] [nioEventLoopGroup-0-14/INFO]: Decoder PLAY, packet CPacketAction, id 0, size 15
[01:24:56:687] [nioEventLoopGroup-0-14/INFO]: Encoder PLAY, packet SPacketLocInfo, id 2, size 168
[01:24:56:691] [nioEventLoopGroup-0-14/INFO]: Encoder PLAY, packet SPacketPlayerLocation, id 9, size 50
[01:24:56:691] [nioEventLoopGroup-0-2/INFO]: Encoder PLAY, packet SPacketPlayerLocation, id 9, size 25
[01:24:56:691] [nioEventLoopGroup-0-14/INFO]: Encoder PLAY, packet SPacketPlayerLocation, id 9, size 25
[01:25:03:215] [nioEventLoopGroup-0-14/INFO]: Decoder PLAY, packet CPacketAction, id 0, size 15
[01:25:03:215] [nioEventLoopGroup-0-2/INFO]: Encoder PLAY, packet SPacketPlayerLocation, id 9, size 14
[01:25:03:215] [nioEventLoopGroup-0-14/INFO]: Encoder PLAY, packet SPacketLocInfo, id 2, size 226
[01:25:03:219] [nioEventLoopGroup-0-14/INFO]: Encoder PLAY, packet SPacketPlayerLocation, id 9, size 10
[01:25:03:219] [nioEventLoopGroup-0-14/INFO]: Encoder PLAY, packet SPacketPlayerLocation, id 9, size 25
[01:25:04:598] [nioEventLoopGroup-0-14/INFO]: Decoder PLAY, packet CPacketAction, id 0, size 15
[01:25:04:599] [nioEventLoopGroup-0-14/INFO]: Encoder PLAY, packet SPacketLocInfo, id 2, size 168
[01:25:04:603] [nioEventLoopGroup-0-14/INFO]: Encoder PLAY, packet SPacketPlayerLocation, id 9, size 50
[01:25:04:603] [nioEventLoopGroup-0-2/INFO]: Encoder PLAY, packet SPacketPlayerLocation, id 9, size 25
[01:25:04:604] [nioEventLoopGroup-0-14/INFO]: Encoder PLAY, packet SPacketPlayerLocation, id 9, size 25
[01:25:20:893] [nioEventLoopGroup-0-14/INFO]: Соединение разорвано
[01:25:22:244] [nioEventLoopGroup-0-2/INFO]: Соединение разорвано
